\BOOKMARK [0][-]{chapter.1}{1 Introduction}{}% 1
\BOOKMARK [0][-]{chapter.2}{2 Literature Review}{}% 2
\BOOKMARK [1][-]{section.2.1}{2.1 Epidemic forecasting}{chapter.2}% 3
\BOOKMARK [2][-]{subsection.2.1.1}{2.1.1 Multi time series forecast}{section.2.1}% 4
\BOOKMARK [2][-]{subsection.2.1.2}{2.1.2 Data modeling and cluster analysis}{section.2.1}% 5
\BOOKMARK [1][-]{section.2.2}{2.2 Neural networks}{chapter.2}% 6
\BOOKMARK [2][-]{subsection.2.2.1}{2.2.1 Long-short term memory \(LSTM\)}{section.2.2}% 7
\BOOKMARK [2][-]{subsection.2.2.2}{2.2.2 Neural networks and forecasting}{section.2.2}% 8
\BOOKMARK [0][-]{chapter.3}{3 Article}{}% 9
\BOOKMARK [1][-]{section.3.1}{3.1 Methodology}{chapter.3}% 10
\BOOKMARK [2][-]{subsection.3.1.1}{3.1.1 Data sources}{section.3.1}% 11
\BOOKMARK [2][-]{subsection.3.1.2}{3.1.2 Data modeling}{section.3.1}% 12
\BOOKMARK [2][-]{subsection.3.1.3}{3.1.3 Forecasting}{section.3.1}% 13
\BOOKMARK [1][-]{section.3.2}{3.2 Results}{chapter.3}% 14
\BOOKMARK [2][-]{subsection.3.2.1}{3.2.1 Cluster analysis}{section.3.2}% 15
\BOOKMARK [2][-]{subsection.3.2.2}{3.2.2 Forecasting}{section.3.2}% 16
\BOOKMARK [1][-]{section.3.3}{3.3 Discussion}{chapter.3}% 17
\BOOKMARK [0][-]{chapter.4}{4 Conclusions and Final Considerations}{}% 18
\BOOKMARK [0][-]{section*.3}{References}{}% 19
\BOOKMARK [0][-]{section*.4}{Appendices}{}% 20
